[    1605ms] [LOG] %c JSHandle@node @ https://www.douyin.com/video/7634895850497461545?previous_page=app_code_link:0
[    2069ms] [ERROR] The Content Security Policy directive 'upgrade-insecure-requests' is ignored when delivered in a report-only policy. @ https://www.douyin.com/video/7634895850497461545?previous_page=app_code_link:0
[    2072ms] [LOG] init slardar @ https://www.douyin.com/video/7634895850497461545?previous_page=app_code_link:21
[    2072ms] [LOG] init slardar success @ https://www.douyin.com/video/7634895850497461545?previous_page=app_code_link:101
[    4393ms] [WARNING] [SDK] 1777789396611        0 already inited @ https://lf3-short.ibytedapm.com/slardar/fe/sdk-web/browser.cn.js?bid=douyin_web&globalName=Slardar:0
[    4747ms] [ERROR] The Content Security Policy directive 'upgrade-insecure-requests' is ignored when delivered in a report-only policy. @ https://lf-douyin-pc-web.douyinstatic.com/obj/douyin-pc-web/ies/douyin_web/player-13.b21a0dfa.js:1
[    4747ms] [ERROR] The Content Security Policy directive 'upgrade-insecure-requests' is ignored when delivered in a report-only policy. @ https://lf-douyin-pc-web.douyinstatic.com/obj/douyin-pc-web/ies/douyin_web/player-13.b21a0dfa.js:1
[    4750ms] [ERROR] The Content Security Policy directive 'upgrade-insecure-requests' is ignored when delivered in a report-only policy. @ https://lf-douyin-pc-web.douyinstatic.com/obj/douyin-pc-web/ies/douyin_web/player-13.b21a0dfa.js:1
[    5422ms] [WARNING] %c[xgplayer] color: #525252; background-color: yellow;  warn>>icons.[object Object] in config of plugin named [texttrack] is invalid @ https://lf-douyin-pc-web.douyinstatic.com/obj/douyin-pc-web/ies/douyin_web/54086.db508495.js:1
[    5422ms] [WARNING] %c[xgplayer] color: #525252; background-color: yellow;  warn>>icons.[object Object] in config of plugin named [texttrack] is invalid @ https://lf-douyin-pc-web.douyinstatic.com/obj/douyin-pc-web/ies/douyin_web/54086.db508495.js:1
[    5522ms] [WARNING] %c[xgplayer] color: #525252; background-color: yellow;  >>>>playPromise.catch NotAllowedError @ https://lf-douyin-pc-web.douyinstatic.com/obj/douyin-pc-web/ies/douyin_web/libs/pre-build-xgplayer.2408c694.js:0
[    6328ms] [ERROR] The Content Security Policy directive 'upgrade-insecure-requests' is ignored when delivered in a report-only policy. @ https://lf-douyin-pc-web.douyinstatic.com/obj/douyin-pc-web/ies/douyin_web/async/81708.18085ed3.js:1
[    6363ms] [ERROR] Failed to launch 'bitbrowser://cc/' because the scheme does not have a registered handler. @ https://www.douyin.com/video/7634895850497461545:0
[    6708ms] [ERROR] The Content Security Policy directive 'upgrade-insecure-requests' is ignored when delivered in a report-only policy. @ https://lf-douyin-pc-web.douyinstatic.com/obj/douyin-pc-web/ies/douyin_web/async/5498.f781b506.js:1
[    7416ms] [ERROR] The Content Security Policy directive 'upgrade-insecure-requests' is ignored when delivered in a report-only policy. @ https://lf-douyin-pc-web.douyinstatic.com/obj/douyin-pc-web/ies/douyin_web/async/81708.18085ed3.js:1
[    7417ms] [ERROR] The Content Security Policy directive 'upgrade-insecure-requests' is ignored when delivered in a report-only policy. @ https://lf-douyin-pc-web.douyinstatic.com/obj/douyin-pc-web/ies/douyin_web/async/81708.18085ed3.js:1
[    7419ms] [ERROR] The Content Security Policy directive 'upgrade-insecure-requests' is ignored when delivered in a report-only policy. @ https://lf-douyin-pc-web.douyinstatic.com/obj/douyin-pc-web/ies/douyin_web/async/81708.18085ed3.js:1
[    7693ms] [ERROR] The Content Security Policy directive 'upgrade-insecure-requests' is ignored when delivered in a report-only policy. @ https://lf-douyin-pc-web.douyinstatic.com/obj/douyin-pc-web/ies/douyin_web/36158.137dcd2f.js:1
[    7693ms] [ERROR] The Content Security Policy directive 'upgrade-insecure-requests' is ignored when delivered in a report-only policy. @ https://lf-douyin-pc-web.douyinstatic.com/obj/douyin-pc-web/ies/douyin_web/36158.137dcd2f.js:1
[    7696ms] [ERROR] The Content Security Policy directive 'upgrade-insecure-requests' is ignored when delivered in a report-only policy. @ https://lf-douyin-pc-web.douyinstatic.com/obj/douyin-pc-web/ies/douyin_web/36158.137dcd2f.js:1
[   12407ms] [WARNING] WebSocket connection to 'wss://frontier100-normal.zijieapi.com/ws/v2?device_platform=web&version_code=fws_1.0.0&access_key=c4e4be2cffec331832c5761804c7e4df&fpid=971&aid=6383&device_id=7635547290501170738&xsack=0&xaack=0&xsqos=0&qos_sdk_version=2' failed: WebSocket is closed before the connection is established. @ https://lf-douyin-pc-web.douyinstatic.com/obj/douyin-pc-web/ies/douyin_web/async/66579.ed0de754.js:1
[   17095ms] [ERROR] The Content Security Policy directive 'upgrade-insecure-requests' is ignored when delivered in a report-only policy. @ :2
[   17101ms] [ERROR] The Content Security Policy directive 'upgrade-insecure-requests' is ignored when delivered in a report-only policy. @ :2
[   17190ms] [ERROR] The Content Security Policy directive 'upgrade-insecure-requests' is ignored when delivered in a report-only policy. @ :2
[   17259ms] [LOG] [ Federation Runtime ] Version 18.3.0-canary-587ae49d7-20230720 from @demo/douyin-web of shared singleton module react does not satisfy the requirement of @revenue-wallet-fe/recharge-web which needs ^18.3.1) @ https://lf3-webcast.bytetos.com/obj/webcast-new/recharge_web_vmok/vmok-remote-entry.9a192be8.js:3
[   17262ms] [LOG] [ Federation Runtime ] Version 18.3.0-canary-587ae49d7-20230720 from @demo/douyin-web of shared singleton module react-dom does not satisfy the requirement of @revenue-wallet-fe/recharge-web which needs ^18.3.1) @ https://lf3-webcast.bytetos.com/obj/webcast-new/recharge_web_vmok/vmok-remote-entry.9a192be8.js:3
[   17273ms] [WARNING] Cannot assign to read only property 'call' of object '#<Object>' @ https://lf3-webcast.bytetos.com/obj/webcast-new/recharge_web_vmok/static/js/async/__federation_expose_data.783d5811.js:1
[   17291ms] [LOG] getRechargePackages requestParams {path: /webcast/diamond/, queryParams: Object} @ https://lf3-webcast.bytetos.com/obj/webcast-new/recharge_web_vmok/static/js/async/__federation_expose_data.783d5811.js:1
[   17530ms] [LOG] [prefetch] packageData [local]:  {packages: Array(7), extra: Object} @ https://lf3-webcast.bytetos.com/obj/webcast-new/recharge_web_vmok/static/js/async/__federation_expose_data.783d5811.js:1
[   17679ms] [WARNING] WARNING: Too many active WebGL contexts. Oldest context will be lost. @ :2
[   17859ms] [LOG] [c0] @ :2
[   18448ms] [WARNING] WebSocket connection to 'wss://frontier100-normal.zijieapi.com/ws/v2?device_platform=web&version_code=fws_1.0.0&access_key=c4e4be2cffec331832c5761804c7e4df&fpid=971&aid=6383&device_id=7635547290501170738&xsack=0&xaack=0&xsqos=0&qos_sdk_version=2' failed: WebSocket is closed before the connection is established. @ https://lf-douyin-pc-web.douyinstatic.com/obj/douyin-pc-web/ies/douyin_web/async/66579.ed0de754.js:1
[   25465ms] [WARNING] WebSocket connection to 'wss://frontier100-normal.zijieapi.com/ws/v2?device_platform=web&version_code=fws_1.0.0&access_key=c4e4be2cffec331832c5761804c7e4df&fpid=971&aid=6383&device_id=7635547290501170738&xsack=0&xaack=0&xsqos=0&qos_sdk_version=2' failed: WebSocket is closed before the connection is established. @ https://lf-douyin-pc-web.douyinstatic.com/obj/douyin-pc-web/ies/douyin_web/async/66579.ed0de754.js:1
[   26341ms] [INFO] Banner not shown: beforeinstallpromptevent.preventDefault() called. The page must call beforeinstallpromptevent.prompt() to show the banner. @ https://www.douyin.com/video/7634895850497461545:0
[   34512ms] [WARNING] WebSocket connection to 'wss://frontier100-normal.zijieapi.com/ws/v2?device_platform=web&version_code=fws_1.0.0&access_key=c4e4be2cffec331832c5761804c7e4df&fpid=971&aid=6383&device_id=7635547290501170738&xsack=0&xaack=0&xsqos=0&qos_sdk_version=2' failed: WebSocket is closed before the connection is established. @ https://lf-douyin-pc-web.douyinstatic.com/obj/douyin-pc-web/ies/douyin_web/async/66579.ed0de754.js:1
[   35550ms] [LOG] Service worker registration success @ https://www.douyin.com/video/7634895850497461545?previous_page=app_code_link:948
[   47527ms] [WARNING] WebSocket connection to 'wss://frontier100-normal.zijieapi.com/ws/v2?device_platform=web&version_code=fws_1.0.0&access_key=c4e4be2cffec331832c5761804c7e4df&fpid=971&aid=6383&device_id=7635547290501170738&xsack=0&xaack=0&xsqos=0&qos_sdk_version=2' failed: WebSocket is closed before the connection is established. @ https://lf-douyin-pc-web.douyinstatic.com/obj/douyin-pc-web/ies/douyin_web/async/66579.ed0de754.js:1
[  257883ms] [ERROR] The Content Security Policy directive 'upgrade-insecure-requests' is ignored when delivered in a report-only policy. @ https://lf-douyin-pc-web.douyinstatic.com/obj/douyin-pc-web/ies/douyin_web/async/81708.18085ed3.js:1
[  257890ms] [ERROR] The Content Security Policy directive 'upgrade-insecure-requests' is ignored when delivered in a report-only policy. @ https://lf-douyin-pc-web.douyinstatic.com/obj/douyin-pc-web/ies/douyin_web/async/81708.18085ed3.js:1
[  258027ms] [ERROR] The Content Security Policy directive 'upgrade-insecure-requests' is ignored when delivered in a report-only policy. @ https://lf-douyin-pc-web.douyinstatic.com/obj/douyin-pc-web/ies/douyin_web/async/81708.18085ed3.js:1
[  258759ms] [ERROR] The Content Security Policy directive 'upgrade-insecure-requests' is ignored when delivered in a report-only policy. @ :2
[  258764ms] [ERROR] The Content Security Policy directive 'upgrade-insecure-requests' is ignored when delivered in a report-only policy. @ :2
[  258845ms] [ERROR] The Content Security Policy directive 'upgrade-insecure-requests' is ignored when delivered in a report-only policy. @ :2
[  259057ms] [LOG] [c0] @ :2
