[    3059ms] [LOG] 
  く__,.ヘヽ.        /  ,ー､ 〉
           ＼ ', !-─‐-i  /  /´
           ／｀ｰ'       L/／｀ヽ､
         /   ／,   /|   ,   ,       ',
       ｲ   / /-‐/  ｉ  L_ ﾊ ヽ!   i
        ﾚ ﾍ 7ｲ｀ﾄ   ﾚ'ｧ-ﾄ､!ハ|   |
          !,/7 '0'     ´0iソ|    |
          |.从"    _     ,,,, / |./    |
          ﾚ'| i＞.､,,__  _,.イ /   .i   |
            ﾚ'| | / k_７_/ﾚ'ヽ,  ﾊ.  |
              | |/i 〈|/   i  ,.ﾍ |  i  |
             .|/ /  ｉ：    ﾍ!    ＼  |
              kヽ>､ﾊ    _,.ﾍ､    /､!
              !'〈//｀Ｔ´', ＼ ｀'7'ｰr'
              ﾚ'ヽL__|___i,___,ンﾚ|ノ
                  ﾄ-,/  |___./
                  'ｰ'    !_,.:
 @ https://fastly.jsdelivr.net/gh/TikHubIO/TikHub_live2d@latest/autoload.js:43
[    3294ms] [LOG] Live2D %s 2.1.00_1 @ https://fastly.jsdelivr.net/gh/TikHubIO/TikHub_live2d@latest/live2d.min.js:0
[    3296ms] [LOG] profile : Desktop @ https://fastly.jsdelivr.net/gh/TikHubIO/TikHub_live2d@latest/live2d.min.js:0
[    3297ms] [LOG]   [PROFILE_NAME] = Desktop @ https://fastly.jsdelivr.net/gh/TikHubIO/TikHub_live2d@latest/live2d.min.js:0
[    3300ms] [LOG]   [USE_ADJUST_TRANSLATION] = false @ https://fastly.jsdelivr.net/gh/TikHubIO/TikHub_live2d@latest/live2d.min.js:0
[    3302ms] [LOG]   [USE_CACHED_POLYGON_IMAGE] = false @ https://fastly.jsdelivr.net/gh/TikHubIO/TikHub_live2d@latest/live2d.min.js:0
[    3306ms] [LOG]   [EXPAND_W] = 2 @ https://fastly.jsdelivr.net/gh/TikHubIO/TikHub_live2d@latest/live2d.min.js:0
[    3457ms] [LOG] Live2D 模型 1-53 加载完成 @ https://fastly.jsdelivr.net/gh/TikHubIO/TikHub_live2d@latest/waifu-tips.js:4
[    3658ms] [LOG] %c ()=>{} @ https://fastly.jsdelivr.net/gh/TikHubIO/TikHub_live2d@latest/waifu-tips.js:4
