[    1511ms] [ERROR] The Content Security Policy directive 'upgrade-insecure-requests' is ignored when delivered in a report-only policy. @ https://www.douyin.com/search/%E5%AF%BB%E6%9E%AA%20%E6%95%B4%E6%B4%BB?type=general:0
[    1741ms] [WARNING] A parser-blocking, cross site (i.e. different eTLD+1) script, https://lf-security.bytegoofy.com/obj/security-secsdk/runtime-stable.js, is invoked via document.write. The network request for this script MAY be blocked by the browser in this or a future page load due to poor network connectivity. If blocked in this page load, it will be confirmed in a subsequent console message. See https://www.chromestatus.com/feature/5718547946799104 for more details. @ https://lf-security.bytegoofy.com/obj/security-secsdk/runtime.js:4
[    1741ms] [WARNING] A parser-blocking, cross site (i.e. different eTLD+1) script, https://lf-security.bytegoofy.com/obj/security-secsdk/runtime-stable.js, is invoked via document.write. The network request for this script MAY be blocked by the browser in this or a future page load due to poor network connectivity. If blocked in this page load, it will be confirmed in a subsequent console message. See https://www.chromestatus.com/feature/5718547946799104 for more details. @ https://lf-security.bytegoofy.com/obj/security-secsdk/runtime.js:4
[    1827ms] [WARNING] A parser-blocking, cross site (i.e. different eTLD+1) script, https://lf-security.bytegoofy.com/obj/security-secsdk/config_90.js, is invoked via document.write. The network request for this script MAY be blocked by the browser in this or a future page load due to poor network connectivity. If blocked in this page load, it will be confirmed in a subsequent console message. See https://www.chromestatus.com/feature/5718547946799104 for more details. @ https://lf-security.bytegoofy.com/obj/security-secsdk/runtime-stable.js:4
[    1827ms] [WARNING] A parser-blocking, cross site (i.e. different eTLD+1) script, https://lf-security.bytegoofy.com/obj/security-secsdk/config_90.js, is invoked via document.write. The network request for this script MAY be blocked by the browser in this or a future page load due to poor network connectivity. If blocked in this page load, it will be confirmed in a subsequent console message. See https://www.chromestatus.com/feature/5718547946799104 for more details. @ https://lf-security.bytegoofy.com/obj/security-secsdk/runtime-stable.js:4
[    1828ms] [WARNING] A parser-blocking, cross site (i.e. different eTLD+1) script, https://lf-security.bytegoofy.com/obj/security-secsdk/project_90.js, is invoked via document.write. The network request for this script MAY be blocked by the browser in this or a future page load due to poor network connectivity. If blocked in this page load, it will be confirmed in a subsequent console message. See https://www.chromestatus.com/feature/5718547946799104 for more details. @ https://lf-security.bytegoofy.com/obj/security-secsdk/runtime-stable.js:4
[    1828ms] [WARNING] A parser-blocking, cross site (i.e. different eTLD+1) script, https://lf-security.bytegoofy.com/obj/security-secsdk/strategy_90.js?v=1, is invoked via document.write. The network request for this script MAY be blocked by the browser in this or a future page load due to poor network connectivity. If blocked in this page load, it will be confirmed in a subsequent console message. See https://www.chromestatus.com/feature/5718547946799104 for more details. @ https://lf-security.bytegoofy.com/obj/security-secsdk/runtime-stable.js:4
[    2561ms] [LOG] init or use must be first call, cmd: config @ https://lf-static.applogcdn.com/obj/applog-sdk-static/log-sdk/collect/5/collect.dy.js:0
[    2561ms] [LOG] init or use must be first call, cmd: start @ https://lf-static.applogcdn.com/obj/applog-sdk-static/log-sdk/collect/5/collect.dy.js:0
[    2562ms] [LOG] init or use must be first call, cmd: config @ https://lf-static.applogcdn.com/obj/applog-sdk-static/log-sdk/collect/5/collect.dy.js:0
[    2562ms] [LOG] init or use must be first call, cmd: start @ https://lf-static.applogcdn.com/obj/applog-sdk-static/log-sdk/collect/5/collect.dy.js:0
[    2562ms] [LOG] init or use must be first call, cmd: config @ https://lf-static.applogcdn.com/obj/applog-sdk-static/log-sdk/collect/5/collect.dy.js:0
[    2562ms] [LOG] init or use must be first call, cmd: start @ https://lf-static.applogcdn.com/obj/applog-sdk-static/log-sdk/collect/5/collect.dy.js:0
[    2562ms] [LOG] init or use must be first call, cmd: config @ https://lf-static.applogcdn.com/obj/applog-sdk-static/log-sdk/collect/5/collect.dy.js:0
[    2562ms] [LOG] init or use must be first call, cmd: start @ https://lf-static.applogcdn.com/obj/applog-sdk-static/log-sdk/collect/5/collect.dy.js:0
[    2960ms] [LOG] init or use must be first call, cmd: start @ https://lf-static.applogcdn.com/obj/applog-sdk-static/log-sdk/collect/5/collect.dy.js:0
[    3077ms] [INFO] Banner not shown: beforeinstallpromptevent.preventDefault() called. The page must call beforeinstallpromptevent.prompt() to show the banner. @ https://www.douyin.com/search/%E5%AF%BB%E6%9E%AA%20%E6%95%B4%E6%B4%BB?type=general:0
[    3199ms] [ERROR] The Content Security Policy directive 'upgrade-insecure-requests' is ignored when delivered in a report-only policy. @ https://lf-douyin-pc-search.douyinstatic.com/obj/douyin-pc-search/ies/douyin/search/async/9499.d7714ebc.js:1
[    3565ms] [ERROR] The Content Security Policy directive 'upgrade-insecure-requests' is ignored when delivered in a report-only policy. @ https://lf-douyin-pc-search.douyinstatic.com/obj/douyin-pc-search/ies/douyin/search/async/1422.dd9762bc.js:1
[    3600ms] [ERROR] Failed to launch 'bitbrowser://cc/' because the scheme does not have a registered handler. @ https://www.douyin.com/search/%E5%AF%BB%E6%9E%AA%20%E6%95%B4%E6%B4%BB?type=general:0
[   13274ms] [LOG] [ Federation Runtime ] Version 18.3.0-canary-587ae49d7-20230720 from @demo/douyin-web of shared singleton module react does not satisfy the requirement of @revenue-wallet-fe/recharge-web which needs ^18.3.1) @ https://lf3-webcast.bytetos.com/obj/webcast-new/recharge_web_vmok/vmok-remote-entry.9a192be8.js:3
[   13275ms] [LOG] [ Federation Runtime ] Version 18.3.0-canary-587ae49d7-20230720 from @demo/douyin-web of shared singleton module react-dom does not satisfy the requirement of @revenue-wallet-fe/recharge-web which needs ^18.3.1) @ https://lf3-webcast.bytetos.com/obj/webcast-new/recharge_web_vmok/vmok-remote-entry.9a192be8.js:3
[   13276ms] [WARNING] Cannot assign to read only property 'call' of object '#<Object>' @ https://lf3-webcast.bytetos.com/obj/webcast-new/recharge_web_vmok/static/js/async/__federation_expose_data.783d5811.js:1
[   13277ms] [LOG] getRechargePackages requestParams {path: /webcast/diamond/, queryParams: Object} @ https://lf3-webcast.bytetos.com/obj/webcast-new/recharge_web_vmok/static/js/async/__federation_expose_data.783d5811.js:1
[   13470ms] [LOG] [prefetch] packageData [local]:  {packages: Array(7), extra: Object} @ https://lf3-webcast.bytetos.com/obj/webcast-new/recharge_web_vmok/static/js/async/__federation_expose_data.783d5811.js:1
[   22743ms] [LOG] globalProps {verifyFinishCallback: , browserInfo: Object, isNewVerifyUI: true, uiManual: Object, generalParams: Object} @ https://auth.zijieapi.com/ucenter_web/app/second_verification_web/dist/index.umd.production.js?aid=6383&verify_reason=ato_web&verify_scene=qr_connect:1
[   22745ms] [LOG] [useCustomComponent] undefined @ https://auth.zijieapi.com/ucenter_web/app/second_verification_web/dist/index.umd.production.js?aid=6383&verify_reason=ato_web&verify_scene=qr_connect:1
[   22745ms] [LOG] <<<originData: {verifyFinishCallback: , browserInfo: Object, isNewVerifyUI: true, uiManual: Object, generalParams: Object} @ https://auth.zijieapi.com/ucenter_web/app/second_verification_web/dist/index.umd.production.js?aid=6383&verify_reason=ato_web&verify_scene=qr_connect:1
[   27510ms] [LOG] timer {timer: null, seconds: 60} @ https://auth.zijieapi.com/ucenter_web/app/second_verification_web/dist/index.umd.production.js?aid=6383&verify_reason=ato_web&verify_scene=qr_connect:1
[   27524ms] [LOG] <<<click sendCode false @ https://auth.zijieapi.com/ucenter_web/app/second_verification_web/dist/index.umd.production.js?aid=6383&verify_reason=ato_web&verify_scene=qr_connect:1
[   27525ms] [LOG] timer {timer: null, seconds: 60} @ https://auth.zijieapi.com/ucenter_web/app/second_verification_web/dist/index.umd.production.js?aid=6383&verify_reason=ato_web&verify_scene=qr_connect:1
[   27680ms] [LOG] timer {timer: null, seconds: 60} @ https://auth.zijieapi.com/ucenter_web/app/second_verification_web/dist/index.umd.production.js?aid=6383&verify_reason=ato_web&verify_scene=qr_connect:1
[   27681ms] [LOG] <<<beginCountDown @ https://auth.zijieapi.com/ucenter_web/app/second_verification_web/dist/index.umd.production.js?aid=6383&verify_reason=ato_web&verify_scene=qr_connect:1
[   27681ms] [LOG] timer {timer: 676, seconds: 59} @ https://auth.zijieapi.com/ucenter_web/app/second_verification_web/dist/index.umd.production.js?aid=6383&verify_reason=ato_web&verify_scene=qr_connect:1
[   27682ms] [LOG] timer {timer: 676, seconds: 59} @ https://auth.zijieapi.com/ucenter_web/app/second_verification_web/dist/index.umd.production.js?aid=6383&verify_reason=ato_web&verify_scene=qr_connect:1
[   28695ms] [LOG] timer {timer: 676, seconds: 58} @ https://auth.zijieapi.com/ucenter_web/app/second_verification_web/dist/index.umd.production.js?aid=6383&verify_reason=ato_web&verify_scene=qr_connect:1
[   29695ms] [LOG] timer {timer: 676, seconds: 57} @ https://auth.zijieapi.com/ucenter_web/app/second_verification_web/dist/index.umd.production.js?aid=6383&verify_reason=ato_web&verify_scene=qr_connect:1
[   30688ms] [LOG] timer {timer: 676, seconds: 56} @ https://auth.zijieapi.com/ucenter_web/app/second_verification_web/dist/index.umd.production.js?aid=6383&verify_reason=ato_web&verify_scene=qr_connect:1
[   31693ms] [LOG] timer {timer: 676, seconds: 55} @ https://auth.zijieapi.com/ucenter_web/app/second_verification_web/dist/index.umd.production.js?aid=6383&verify_reason=ato_web&verify_scene=qr_connect:1
[   32212ms] [LOG] timer {timer: 676, seconds: 55} @ https://auth.zijieapi.com/ucenter_web/app/second_verification_web/dist/index.umd.production.js?aid=6383&verify_reason=ato_web&verify_scene=qr_connect:1
[   32694ms] [LOG] timer {timer: 676, seconds: 54} @ https://auth.zijieapi.com/ucenter_web/app/second_verification_web/dist/index.umd.production.js?aid=6383&verify_reason=ato_web&verify_scene=qr_connect:1
[   32766ms] [LOG] timer {timer: 676, seconds: 54} @ https://auth.zijieapi.com/ucenter_web/app/second_verification_web/dist/index.umd.production.js?aid=6383&verify_reason=ato_web&verify_scene=qr_connect:1
[   33681ms] [LOG] timer {timer: 676, seconds: 53} @ https://auth.zijieapi.com/ucenter_web/app/second_verification_web/dist/index.umd.production.js?aid=6383&verify_reason=ato_web&verify_scene=qr_connect:1
[   33850ms] [LOG] timer {timer: 676, seconds: 53} @ https://auth.zijieapi.com/ucenter_web/app/second_verification_web/dist/index.umd.production.js?aid=6383&verify_reason=ato_web&verify_scene=qr_connect:1
[   34682ms] [LOG] timer {timer: 676, seconds: 52} @ https://auth.zijieapi.com/ucenter_web/app/second_verification_web/dist/index.umd.production.js?aid=6383&verify_reason=ato_web&verify_scene=qr_connect:1
[   35039ms] [LOG] timer {timer: 676, seconds: 52} @ https://auth.zijieapi.com/ucenter_web/app/second_verification_web/dist/index.umd.production.js?aid=6383&verify_reason=ato_web&verify_scene=qr_connect:1
[   35363ms] [LOG] timer {timer: 676, seconds: 52} @ https://auth.zijieapi.com/ucenter_web/app/second_verification_web/dist/index.umd.production.js?aid=6383&verify_reason=ato_web&verify_scene=qr_connect:1
[   35681ms] [LOG] timer {timer: 676, seconds: 51} @ https://auth.zijieapi.com/ucenter_web/app/second_verification_web/dist/index.umd.production.js?aid=6383&verify_reason=ato_web&verify_scene=qr_connect:1
[   36681ms] [LOG] timer {timer: 676, seconds: 50} @ https://auth.zijieapi.com/ucenter_web/app/second_verification_web/dist/index.umd.production.js?aid=6383&verify_reason=ato_web&verify_scene=qr_connect:1
[   37528ms] [LOG] timer {timer: 676, seconds: 50} @ https://auth.zijieapi.com/ucenter_web/app/second_verification_web/dist/index.umd.production.js?aid=6383&verify_reason=ato_web&verify_scene=qr_connect:1
[   37682ms] [LOG] timer {timer: 676, seconds: 49} @ https://auth.zijieapi.com/ucenter_web/app/second_verification_web/dist/index.umd.production.js?aid=6383&verify_reason=ato_web&verify_scene=qr_connect:1
[   38682ms] [LOG] timer {timer: 676, seconds: 48} @ https://auth.zijieapi.com/ucenter_web/app/second_verification_web/dist/index.umd.production.js?aid=6383&verify_reason=ato_web&verify_scene=qr_connect:1
[   39434ms] [LOG] timer {timer: 676, seconds: 48} @ https://auth.zijieapi.com/ucenter_web/app/second_verification_web/dist/index.umd.production.js?aid=6383&verify_reason=ato_web&verify_scene=qr_connect:1
[   39637ms] [LOG] timer {timer: 676, seconds: 48} @ https://auth.zijieapi.com/ucenter_web/app/second_verification_web/dist/index.umd.production.js?aid=6383&verify_reason=ato_web&verify_scene=qr_connect:1
[   40567ms] [ERROR] The Content Security Policy directive 'upgrade-insecure-requests' is ignored when delivered in a report-only policy. @ https://www.douyin.com/search/%E5%AF%BB%E6%9E%AA%20%E6%95%B4%E6%B4%BB?type=general:0
[   41170ms] [LOG] init or use must be first call, cmd: config @ https://lf-static.applogcdn.com/obj/applog-sdk-static/log-sdk/collect/5/collect.dy.js:0
[   41170ms] [LOG] init or use must be first call, cmd: start @ https://lf-static.applogcdn.com/obj/applog-sdk-static/log-sdk/collect/5/collect.dy.js:0
[   41170ms] [LOG] init or use must be first call, cmd: config @ https://lf-static.applogcdn.com/obj/applog-sdk-static/log-sdk/collect/5/collect.dy.js:0
[   41170ms] [LOG] init or use must be first call, cmd: start @ https://lf-static.applogcdn.com/obj/applog-sdk-static/log-sdk/collect/5/collect.dy.js:0
[   41170ms] [LOG] init or use must be first call, cmd: config @ https://lf-static.applogcdn.com/obj/applog-sdk-static/log-sdk/collect/5/collect.dy.js:0
[   41170ms] [LOG] init or use must be first call, cmd: start @ https://lf-static.applogcdn.com/obj/applog-sdk-static/log-sdk/collect/5/collect.dy.js:0
[   41170ms] [LOG] init or use must be first call, cmd: config @ https://lf-static.applogcdn.com/obj/applog-sdk-static/log-sdk/collect/5/collect.dy.js:0
[   41170ms] [LOG] init or use must be first call, cmd: start @ https://lf-static.applogcdn.com/obj/applog-sdk-static/log-sdk/collect/5/collect.dy.js:0
[   41323ms] [LOG] init or use must be first call, cmd: start @ https://lf-static.applogcdn.com/obj/applog-sdk-static/log-sdk/collect/5/collect.dy.js:0
[   41471ms] [INFO] Banner not shown: beforeinstallpromptevent.preventDefault() called. The page must call beforeinstallpromptevent.prompt() to show the banner. @ https://www.douyin.com/search/%E5%AF%BB%E6%9E%AA%20%E6%95%B4%E6%B4%BB?type=general:0
[   41695ms] [ERROR] The Content Security Policy directive 'upgrade-insecure-requests' is ignored when delivered in a report-only policy. @ https://lf-douyin-pc-search.douyinstatic.com/obj/douyin-pc-search/ies/douyin/search/async/9499.d7714ebc.js:1
[   43358ms] [WARNING] %c[xgplayer] color: #525252; background-color: yellow;  warn>>icons.[object Object] in config of plugin named [texttrack] is invalid @ https://lf-douyin-pc-search.douyinstatic.com/obj/douyin-pc-search/ies/douyin/search/client-entry~6.e62c8eb5.js:834
[   43358ms] [WARNING] %c[xgplayer] color: #525252; background-color: yellow;  warn>>icons.[object Object] in config of plugin named [texttrack] is invalid @ https://lf-douyin-pc-search.douyinstatic.com/obj/douyin-pc-search/ies/douyin/search/client-entry~6.e62c8eb5.js:834
[   44288ms] [WARNING] %c[xgplayer] color: #525252; background-color: yellow;  warn>>icons.[object Object] in config of plugin named [texttrack] is invalid @ https://lf-douyin-pc-search.douyinstatic.com/obj/douyin-pc-search/ies/douyin/search/client-entry~6.e62c8eb5.js:834
[   44289ms] [WARNING] %c[xgplayer] color: #525252; background-color: yellow;  warn>>icons.[object Object] in config of plugin named [texttrack] is invalid @ https://lf-douyin-pc-search.douyinstatic.com/obj/douyin-pc-search/ies/douyin/search/client-entry~6.e62c8eb5.js:834
[   44482ms] [WARNING] %c[xgplayer] color: #525252; background-color: yellow;  warn>>icons.[object Object] in config of plugin named [texttrack] is invalid @ https://lf-douyin-pc-search.douyinstatic.com/obj/douyin-pc-search/ies/douyin/search/client-entry~6.e62c8eb5.js:834
[   44483ms] [WARNING] %c[xgplayer] color: #525252; background-color: yellow;  warn>>icons.[object Object] in config of plugin named [texttrack] is invalid @ https://lf-douyin-pc-search.douyinstatic.com/obj/douyin-pc-search/ies/douyin/search/client-entry~6.e62c8eb5.js:834
[   46799ms] [ERROR] The Content Security Policy directive 'upgrade-insecure-requests' is ignored when delivered in a report-only policy. @ https://lf-douyin-pc-search.douyinstatic.com/obj/douyin-pc-search/ies/douyin/search/async/1422.dd9762bc.js:1
[   46846ms] [ERROR] Failed to launch 'bitbrowser://cc/' because the scheme does not have a registered handler. @ https://www.douyin.com/search/%E5%AF%BB%E6%9E%AA%20%E6%95%B4%E6%B4%BB?type=general:0
[   47465ms] [WARNING] %c[xgplayer] color: #525252; background-color: yellow;  warn>>icons.[object Object] in config of plugin named [texttrack] is invalid @ https://lf-douyin-pc-search.douyinstatic.com/obj/douyin-pc-search/ies/douyin/search/client-entry~6.e62c8eb5.js:834
[   47465ms] [WARNING] %c[xgplayer] color: #525252; background-color: yellow;  warn>>icons.[object Object] in config of plugin named [texttrack] is invalid @ https://lf-douyin-pc-search.douyinstatic.com/obj/douyin-pc-search/ies/douyin/search/client-entry~6.e62c8eb5.js:834
[   47663ms] [WARNING] %c[xgplayer] color: #525252; background-color: yellow;  warn>>icons.[object Object] in config of plugin named [texttrack] is invalid @ https://lf-douyin-pc-search.douyinstatic.com/obj/douyin-pc-search/ies/douyin/search/client-entry~6.e62c8eb5.js:834
[   47663ms] [WARNING] %c[xgplayer] color: #525252; background-color: yellow;  warn>>icons.[object Object] in config of plugin named [texttrack] is invalid @ https://lf-douyin-pc-search.douyinstatic.com/obj/douyin-pc-search/ies/douyin/search/client-entry~6.e62c8eb5.js:834
[   48749ms] [WARNING] %c[xgplayer] color: #525252; background-color: yellow;  warn>>icons.[object Object] in config of plugin named [texttrack] is invalid @ https://lf-douyin-pc-search.douyinstatic.com/obj/douyin-pc-search/ies/douyin/search/client-entry~6.e62c8eb5.js:834
[   48750ms] [WARNING] %c[xgplayer] color: #525252; background-color: yellow;  warn>>icons.[object Object] in config of plugin named [texttrack] is invalid @ https://lf-douyin-pc-search.douyinstatic.com/obj/douyin-pc-search/ies/douyin/search/client-entry~6.e62c8eb5.js:834
[   51903ms] [LOG] https://www.douyin.com/aweme/v1/web/aweme/favorite/?device_platform=webapp&aid=6383&channel=channel_pc_web&sec_user_id=MS4wLjABAAAAPzjIGt7sszNtjJ7acyoNcJZ3xespZa6aQaiYhCNwldOUY8COh5b-u6eP-YRSIKzp&max_cursor=0&min_cursor=0&whale_cut_token=&cut_version=1&count=18&publish_video_strategy_type=2&update_version_code=170400&pc_client_type=1&pc_libra_divert=Windows&support_h265=1&support_dash=1&cpu_core_num=24&version_code=170400&version_name=17.4.0&cookie_enabled=true&screen_width=1423&screen_height=889&browser_language=zh-CN&browser_platform=Win32&browser_name=Chrome&browser_version=147.0.0.0&browser_online=true&engine_name=Blink&engine_version=147.0.0.0&os_name=Windows&os_version=10&device_memory=16&platform=PC&downlink=10&effective_type=4g&round_trip_time=100&webid=7635547290501170738&uifid=b684c79658e5909c916769b2e80c406ed39ea89d6c7cce823581f3f595501a34c4bdd27c2585d54057524c4440ed5b6686bcbad208bb026fcb53fe22935d551948dc6ab210436973f7f0f38ad6c014c332814ae15c9d1345aabadf05733210a9992b65cd8f117ca1daaa4e749e589948963b6aef57b4ca06d16fa7ef99ce3563f5bc91b153f6eecc60562675c39af92879e8b6d5903dbc7c5554d9cbd8de3f4e3d222718b0869a96852e9cc60d5599d12d3dd33feee976317e58c926d2e0cb2e&msToken=1tYpy3qTrSYQhQ4VNCbrx_EwPgLdYqhkpFS9b5pHHG2Ifgb5-ov9S8AkYgsMrq9ylepfQFJe1CtgMWw16qQ4rsG5CGT1aFi2CmxJd85fGVMtF0W_62qSQCPY8XdguUz1v1LbnSvfSBkH_vr_o94wNhO6jcQcdacnODl7KmvxbrEtoq1bUQI0HQ%3D%3D&a_bogus=Qv4RDFXjY2WbcVFSuCcn7UnllFnMrTSyy-T2SL-UyPxaP1zGcRPQ8reLroueZOQThSp0hCI7jjlMYDnc84tzZqnkLmpfS8GjpGCc9u8oMqqfb0isgrDpCgfFqwBY0SsPYK1Ux96fAtByhD-IpH1kUBAJCKPJ4Y4QzN2jkkjiyV416BtG3dxLSaR%3D [b684c79658e5909c916769b2e80c406ed39ea89d6c7cce8235…6852e9cc60d5599d12d3dd33feee976317e58c926d2e0cb2e, 1777789800, A96D855A08C0A9707F8BEF0D9A527E4E, device_platform=webapp&aid=6383&channel=channel_pc…4QzN2jkkjiyV416BtG3dxLSaR%3D&timestamp=1777789800] @ :537
[   52681ms] [WARNING] eventName is null， please check @ https://lf-static.applogcdn.com/obj/applog-sdk-static/log-sdk/collect/5/collect.dy.js:0
[   52741ms] [LOG] [ Federation Runtime ] Version 18.3.0-canary-587ae49d7-20230720 from @demo/douyin-web of shared singleton module react does not satisfy the requirement of @revenue-wallet-fe/recharge-web which needs ^18.3.1) @ https://lf3-webcast.bytetos.com/obj/webcast-new/recharge_web_vmok/vmok-remote-entry.9a192be8.js:3
[   52748ms] [LOG] [ Federation Runtime ] Version 18.3.0-canary-587ae49d7-20230720 from @demo/douyin-web of shared singleton module react-dom does not satisfy the requirement of @revenue-wallet-fe/recharge-web which needs ^18.3.1) @ https://lf3-webcast.bytetos.com/obj/webcast-new/recharge_web_vmok/vmok-remote-entry.9a192be8.js:3
[   52758ms] [WARNING] Cannot assign to read only property 'call' of object '#<Object>' @ https://lf3-webcast.bytetos.com/obj/webcast-new/recharge_web_vmok/static/js/async/__federation_expose_data.783d5811.js:1
[   52764ms] [LOG] getRechargePackages requestParams {path: /webcast/diamond/, queryParams: Object} @ https://lf3-webcast.bytetos.com/obj/webcast-new/recharge_web_vmok/static/js/async/__federation_expose_data.783d5811.js:1
[   53140ms] [LOG] [prefetch] packageData [local]:  {packages: Array(7), extra: Object} @ https://lf3-webcast.bytetos.com/obj/webcast-new/recharge_web_vmok/static/js/async/__federation_expose_data.783d5811.js:1
[   54371ms] [LOG] [dynamicRemotesFromSnapshot]: Module @pc-im/im not found @ https://lf3-social.iesdouyin.com/obj/douyin-social-cdn/pcim/vmok-remote-entry.b24bb7a0.js:1
[   54454ms] [WARNING] %c[xgplayer] color: #525252; background-color: yellow;  warn>>icons.[object Object] in config of plugin named [texttrack] is invalid @ https://lf-douyin-pc-search.douyinstatic.com/obj/douyin-pc-search/ies/douyin/search/client-entry~6.e62c8eb5.js:834
[   54457ms] [WARNING] %c[xgplayer] color: #525252; background-color: yellow;  warn>>icons.[object Object] in config of plugin named [texttrack] is invalid @ https://lf-douyin-pc-search.douyinstatic.com/obj/douyin-pc-search/ies/douyin/search/client-entry~6.e62c8eb5.js:834
[   54853ms] [WARNING] %c[xgplayer] color: #525252; background-color: yellow;  warn>>icons.[object Object] in config of plugin named [texttrack] is invalid @ https://lf-douyin-pc-search.douyinstatic.com/obj/douyin-pc-search/ies/douyin/search/client-entry~6.e62c8eb5.js:834
[   54856ms] [WARNING] %c[xgplayer] color: #525252; background-color: yellow;  warn>>icons.[object Object] in config of plugin named [texttrack] is invalid @ https://lf-douyin-pc-search.douyinstatic.com/obj/douyin-pc-search/ies/douyin/search/client-entry~6.e62c8eb5.js:834
[   55405ms] [WARNING] %c[xgplayer] color: #525252; background-color: yellow;  warn>>icons.[object Object] in config of plugin named [texttrack] is invalid @ https://lf-douyin-pc-search.douyinstatic.com/obj/douyin-pc-search/ies/douyin/search/client-entry~6.e62c8eb5.js:834
[   55409ms] [WARNING] %c[xgplayer] color: #525252; background-color: yellow;  warn>>icons.[object Object] in config of plugin named [texttrack] is invalid @ https://lf-douyin-pc-search.douyinstatic.com/obj/douyin-pc-search/ies/douyin/search/client-entry~6.e62c8eb5.js:834
[   58806ms] [WARNING] %c[xgplayer] color: #525252; background-color: yellow;  warn>>icons.[object Object] in config of plugin named [texttrack] is invalid @ https://lf-douyin-pc-search.douyinstatic.com/obj/douyin-pc-search/ies/douyin/search/client-entry~6.e62c8eb5.js:834
[   58810ms] [WARNING] %c[xgplayer] color: #525252; background-color: yellow;  warn>>icons.[object Object] in config of plugin named [texttrack] is invalid @ https://lf-douyin-pc-search.douyinstatic.com/obj/douyin-pc-search/ies/douyin/search/client-entry~6.e62c8eb5.js:834
[   67639ms] [WARNING] The resource https://lf3-social.iesdouyin.com/obj/douyin-social-cdn/pcim/static/js/async/__federation_expose_default_export.32357c3a.js was preloaded using link preload but not used within a few seconds from the window's load event. Please make sure it has an appropriate `as` value and it is preloaded intentionally. @ https://www.douyin.com/search/%E5%AF%BB%E6%9E%AA%20%E6%95%B4%E6%B4%BB?type=general:0
[   67639ms] [WARNING] The resource https://lf3-social.iesdouyin.com/obj/douyin-social-cdn/pcim/static/js/lib-polyfill.5d7c6a12.js was preloaded using link preload but not used within a few seconds from the window's load event. Please make sure it has an appropriate `as` value and it is preloaded intentionally. @ https://www.douyin.com/search/%E5%AF%BB%E6%9E%AA%20%E6%95%B4%E6%B4%BB?type=general:0
[   67639ms] [WARNING] The resource https://lf3-social.iesdouyin.com/obj/douyin-social-cdn/pcim/static/js/async/8832.58d81256.js was preloaded using link preload but not used within a few seconds from the window's load event. Please make sure it has an appropriate `as` value and it is preloaded intentionally. @ https://www.douyin.com/search/%E5%AF%BB%E6%9E%AA%20%E6%95%B4%E6%B4%BB?type=general:0
[   67639ms] [WARNING] The resource https://lf3-social.iesdouyin.com/obj/douyin-social-cdn/pcim/static/js/async/647.6f42f0a7.js was preloaded using link preload but not used within a few seconds from the window's load event. Please make sure it has an appropriate `as` value and it is preloaded intentionally. @ https://www.douyin.com/search/%E5%AF%BB%E6%9E%AA%20%E6%95%B4%E6%B4%BB?type=general:0
[   67639ms] [WARNING] The resource https://lf3-social.iesdouyin.com/obj/douyin-social-cdn/pcim/static/js/async/2997.b1461ba0.js was preloaded using link preload but not used within a few seconds from the window's load event. Please make sure it has an appropriate `as` value and it is preloaded intentionally. @ https://www.douyin.com/search/%E5%AF%BB%E6%9E%AA%20%E6%95%B4%E6%B4%BB?type=general:0
[   67640ms] [WARNING] The resource https://lf3-social.iesdouyin.com/obj/douyin-social-cdn/pcim/static/js/async/387.e765c053.js was preloaded using link preload but not used within a few seconds from the window's load event. Please make sure it has an appropriate `as` value and it is preloaded intentionally. @ https://www.douyin.com/search/%E5%AF%BB%E6%9E%AA%20%E6%95%B4%E6%B4%BB?type=general:0
[   67640ms] [WARNING] The resource https://lf3-social.iesdouyin.com/obj/douyin-social-cdn/pcim/static/js/async/6387.479935da.js was preloaded using link preload but not used within a few seconds from the window's load event. Please make sure it has an appropriate `as` value and it is preloaded intentionally. @ https://www.douyin.com/search/%E5%AF%BB%E6%9E%AA%20%E6%95%B4%E6%B4%BB?type=general:0
[   67640ms] [WARNING] The resource https://lf3-social.iesdouyin.com/obj/douyin-social-cdn/pcim/static/css/async/__federation_expose_default_export.bb118ee9.css was preloaded using link preload but not used within a few seconds from the window's load event. Please make sure it has an appropriate `as` value and it is preloaded intentionally. @ https://www.douyin.com/search/%E5%AF%BB%E6%9E%AA%20%E6%95%B4%E6%B4%BB?type=general:0
[   67640ms] [WARNING] The resource https://lf3-social.iesdouyin.com/obj/douyin-social-cdn/pcim/static/js/async/lib-axios.9239c10d.js was preloaded using link preload but not used within a few seconds from the window's load event. Please make sure it has an appropriate `as` value and it is preloaded intentionally. @ https://www.douyin.com/search/%E5%AF%BB%E6%9E%AA%20%E6%95%B4%E6%B4%BB?type=general:0
[   76444ms] [WARNING] The resource https://lf3-social.iesdouyin.com/obj/douyin-social-cdn/pcim/static/js/async/__federation_expose_default_export.32357c3a.js was preloaded using link preload but not used within a few seconds from the window's load event. Please make sure it has an appropriate `as` value and it is preloaded intentionally. @ https://www.douyin.com/search/%E5%AF%BB%E6%9E%AA%20%E6%95%B4%E6%B4%BB?type=general:0
[   76444ms] [WARNING] The resource https://lf3-social.iesdouyin.com/obj/douyin-social-cdn/pcim/static/js/lib-polyfill.5d7c6a12.js was preloaded using link preload but not used within a few seconds from the window's load event. Please make sure it has an appropriate `as` value and it is preloaded intentionally. @ https://www.douyin.com/search/%E5%AF%BB%E6%9E%AA%20%E6%95%B4%E6%B4%BB?type=general:0
[   76444ms] [WARNING] The resource https://lf3-social.iesdouyin.com/obj/douyin-social-cdn/pcim/static/js/async/8832.58d81256.js was preloaded using link preload but not used within a few seconds from the window's load event. Please make sure it has an appropriate `as` value and it is preloaded intentionally. @ https://www.douyin.com/search/%E5%AF%BB%E6%9E%AA%20%E6%95%B4%E6%B4%BB?type=general:0
[   76444ms] [WARNING] The resource https://lf3-social.iesdouyin.com/obj/douyin-social-cdn/pcim/static/js/async/647.6f42f0a7.js was preloaded using link preload but not used within a few seconds from the window's load event. Please make sure it has an appropriate `as` value and it is preloaded intentionally. @ https://www.douyin.com/search/%E5%AF%BB%E6%9E%AA%20%E6%95%B4%E6%B4%BB?type=general:0
[   76444ms] [WARNING] The resource https://lf3-social.iesdouyin.com/obj/douyin-social-cdn/pcim/static/js/async/2997.b1461ba0.js was preloaded using link preload but not used within a few seconds from the window's load event. Please make sure it has an appropriate `as` value and it is preloaded intentionally. @ https://www.douyin.com/search/%E5%AF%BB%E6%9E%AA%20%E6%95%B4%E6%B4%BB?type=general:0
[   76444ms] [WARNING] The resource https://lf3-social.iesdouyin.com/obj/douyin-social-cdn/pcim/static/js/async/387.e765c053.js was preloaded using link preload but not used within a few seconds from the window's load event. Please make sure it has an appropriate `as` value and it is preloaded intentionally. @ https://www.douyin.com/search/%E5%AF%BB%E6%9E%AA%20%E6%95%B4%E6%B4%BB?type=general:0
[   76444ms] [WARNING] The resource https://lf3-social.iesdouyin.com/obj/douyin-social-cdn/pcim/static/js/async/6387.479935da.js was preloaded using link preload but not used within a few seconds from the window's load event. Please make sure it has an appropriate `as` value and it is preloaded intentionally. @ https://www.douyin.com/search/%E5%AF%BB%E6%9E%AA%20%E6%95%B4%E6%B4%BB?type=general:0
[   76444ms] [WARNING] The resource https://lf3-social.iesdouyin.com/obj/douyin-social-cdn/pcim/static/css/async/__federation_expose_default_export.bb118ee9.css was preloaded using link preload but not used within a few seconds from the window's load event. Please make sure it has an appropriate `as` value and it is preloaded intentionally. @ https://www.douyin.com/search/%E5%AF%BB%E6%9E%AA%20%E6%95%B4%E6%B4%BB?type=general:0
[   76444ms] [WARNING] The resource https://lf3-social.iesdouyin.com/obj/douyin-social-cdn/pcim/static/js/async/lib-axios.9239c10d.js was preloaded using link preload but not used within a few seconds from the window's load event. Please make sure it has an appropriate `as` value and it is preloaded intentionally. @ https://www.douyin.com/search/%E5%AF%BB%E6%9E%AA%20%E6%95%B4%E6%B4%BB?type=general:0
[  106492ms] [WARNING] The resource https://lf3-social.iesdouyin.com/obj/douyin-social-cdn/pcim/static/js/async/__federation_expose_default_export.32357c3a.js was preloaded using link preload but not used within a few seconds from the window's load event. Please make sure it has an appropriate `as` value and it is preloaded intentionally. @ https://www.douyin.com/search/%E5%AF%BB%E6%9E%AA%20%E6%95%B4%E6%B4%BB?type=general:0
[  106496ms] [WARNING] The resource https://lf3-social.iesdouyin.com/obj/douyin-social-cdn/pcim/static/js/lib-polyfill.5d7c6a12.js was preloaded using link preload but not used within a few seconds from the window's load event. Please make sure it has an appropriate `as` value and it is preloaded intentionally. @ https://www.douyin.com/search/%E5%AF%BB%E6%9E%AA%20%E6%95%B4%E6%B4%BB?type=general:0
[  106496ms] [WARNING] The resource https://lf3-social.iesdouyin.com/obj/douyin-social-cdn/pcim/static/js/async/8832.58d81256.js was preloaded using link preload but not used within a few seconds from the window's load event. Please make sure it has an appropriate `as` value and it is preloaded intentionally. @ https://www.douyin.com/search/%E5%AF%BB%E6%9E%AA%20%E6%95%B4%E6%B4%BB?type=general:0
[  106498ms] [WARNING] The resource https://lf3-social.iesdouyin.com/obj/douyin-social-cdn/pcim/static/js/async/647.6f42f0a7.js was preloaded using link preload but not used within a few seconds from the window's load event. Please make sure it has an appropriate `as` value and it is preloaded intentionally. @ https://www.douyin.com/search/%E5%AF%BB%E6%9E%AA%20%E6%95%B4%E6%B4%BB?type=general:0
[  106499ms] [WARNING] The resource https://lf3-social.iesdouyin.com/obj/douyin-social-cdn/pcim/static/js/async/2997.b1461ba0.js was preloaded using link preload but not used within a few seconds from the window's load event. Please make sure it has an appropriate `as` value and it is preloaded intentionally. @ https://www.douyin.com/search/%E5%AF%BB%E6%9E%AA%20%E6%95%B4%E6%B4%BB?type=general:0
[  106501ms] [WARNING] The resource https://lf3-social.iesdouyin.com/obj/douyin-social-cdn/pcim/static/js/async/387.e765c053.js was preloaded using link preload but not used within a few seconds from the window's load event. Please make sure it has an appropriate `as` value and it is preloaded intentionally. @ https://www.douyin.com/search/%E5%AF%BB%E6%9E%AA%20%E6%95%B4%E6%B4%BB?type=general:0
[  106502ms] [WARNING] The resource https://lf3-social.iesdouyin.com/obj/douyin-social-cdn/pcim/static/js/async/6387.479935da.js was preloaded using link preload but not used within a few seconds from the window's load event. Please make sure it has an appropriate `as` value and it is preloaded intentionally. @ https://www.douyin.com/search/%E5%AF%BB%E6%9E%AA%20%E6%95%B4%E6%B4%BB?type=general:0
[  106504ms] [WARNING] The resource https://lf3-social.iesdouyin.com/obj/douyin-social-cdn/pcim/static/css/async/__federation_expose_default_export.bb118ee9.css was preloaded using link preload but not used within a few seconds from the window's load event. Please make sure it has an appropriate `as` value and it is preloaded intentionally. @ https://www.douyin.com/search/%E5%AF%BB%E6%9E%AA%20%E6%95%B4%E6%B4%BB?type=general:0
[  106505ms] [WARNING] The resource https://lf3-social.iesdouyin.com/obj/douyin-social-cdn/pcim/static/js/async/lib-axios.9239c10d.js was preloaded using link preload but not used within a few seconds from the window's load event. Please make sure it has an appropriate `as` value and it is preloaded intentionally. @ https://www.douyin.com/search/%E5%AF%BB%E6%9E%AA%20%E6%95%B4%E6%B4%BB?type=general:0
[  117667ms] [WARNING] The resource https://lf3-social.iesdouyin.com/obj/douyin-social-cdn/pcim/static/js/async/__federation_expose_default_export.32357c3a.js was preloaded using link preload but not used within a few seconds from the window's load event. Please make sure it has an appropriate `as` value and it is preloaded intentionally. @ https://www.douyin.com/search/%E5%AF%BB%E6%9E%AA%20%E6%95%B4%E6%B4%BB?type=general:0
[  117667ms] [WARNING] The resource https://lf3-social.iesdouyin.com/obj/douyin-social-cdn/pcim/static/js/lib-polyfill.5d7c6a12.js was preloaded using link preload but not used within a few seconds from the window's load event. Please make sure it has an appropriate `as` value and it is preloaded intentionally. @ https://www.douyin.com/search/%E5%AF%BB%E6%9E%AA%20%E6%95%B4%E6%B4%BB?type=general:0
[  117667ms] [WARNING] The resource https://lf3-social.iesdouyin.com/obj/douyin-social-cdn/pcim/static/js/async/8832.58d81256.js was preloaded using link preload but not used within a few seconds from the window's load event. Please make sure it has an appropriate `as` value and it is preloaded intentionally. @ https://www.douyin.com/search/%E5%AF%BB%E6%9E%AA%20%E6%95%B4%E6%B4%BB?type=general:0
[  117667ms] [WARNING] The resource https://lf3-social.iesdouyin.com/obj/douyin-social-cdn/pcim/static/js/async/647.6f42f0a7.js was preloaded using link preload but not used within a few seconds from the window's load event. Please make sure it has an appropriate `as` value and it is preloaded intentionally. @ https://www.douyin.com/search/%E5%AF%BB%E6%9E%AA%20%E6%95%B4%E6%B4%BB?type=general:0
[  117667ms] [WARNING] The resource https://lf3-social.iesdouyin.com/obj/douyin-social-cdn/pcim/static/js/async/2997.b1461ba0.js was preloaded using link preload but not used within a few seconds from the window's load event. Please make sure it has an appropriate `as` value and it is preloaded intentionally. @ https://www.douyin.com/search/%E5%AF%BB%E6%9E%AA%20%E6%95%B4%E6%B4%BB?type=general:0
[  117669ms] [WARNING] The resource https://lf3-social.iesdouyin.com/obj/douyin-social-cdn/pcim/static/js/async/387.e765c053.js was preloaded using link preload but not used within a few seconds from the window's load event. Please make sure it has an appropriate `as` value and it is preloaded intentionally. @ https://www.douyin.com/search/%E5%AF%BB%E6%9E%AA%20%E6%95%B4%E6%B4%BB?type=general:0
[  117670ms] [WARNING] The resource https://lf3-social.iesdouyin.com/obj/douyin-social-cdn/pcim/static/js/async/6387.479935da.js was preloaded using link preload but not used within a few seconds from the window's load event. Please make sure it has an appropriate `as` value and it is preloaded intentionally. @ https://www.douyin.com/search/%E5%AF%BB%E6%9E%AA%20%E6%95%B4%E6%B4%BB?type=general:0
[  117670ms] [WARNING] The resource https://lf3-social.iesdouyin.com/obj/douyin-social-cdn/pcim/static/css/async/__federation_expose_default_export.bb118ee9.css was preloaded using link preload but not used within a few seconds from the window's load event. Please make sure it has an appropriate `as` value and it is preloaded intentionally. @ https://www.douyin.com/search/%E5%AF%BB%E6%9E%AA%20%E6%95%B4%E6%B4%BB?type=general:0
[  117670ms] [WARNING] The resource https://lf3-social.iesdouyin.com/obj/douyin-social-cdn/pcim/static/js/async/lib-axios.9239c10d.js was preloaded using link preload but not used within a few seconds from the window's load event. Please make sure it has an appropriate `as` value and it is preloaded intentionally. @ https://www.douyin.com/search/%E5%AF%BB%E6%9E%AA%20%E6%95%B4%E6%B4%BB?type=general:0
